<?xml version="1.0" encoding="UTF-8"?>
<!-- Generated by org.testng.reporters.JUnitXMLReporter -->
<testsuite ignored="0" hostname="SVL" failures="1" tests="13" name="Test" time="31.144" errors="0" timestamp="2023-05-09T12:00:14 IST">
  <testcase classname="testNgTestsExecution.HomePageTestt" name="hoverOnPages" time="1.198"/>
  <testcase classname="testNgTestsExecution.HomePageTestt" name="clickHome" time="0.609"/>
  <testcase classname="testNgTestsExecution.HomePageTestt" name="clickContact" time="4.129"/>
  <testcase classname="testNgTestsExecution.HomePageTestt" name="acceptAlert" time="0.061"/>
  <testcase classname="testNgTestsExecution.HomePageTestt" name="accepgeoLocation" time="2.777"/>
  <testcase classname="testNgTestsExecution.HomePageTestt" name="subscribeEssence" time="0.371"/>
  <testcase classname="testNgTestsExecution.HomePageTestt" name="hoverOnShopSelectDresses" time="0.752"/>
  <testcase classname="testNgTestsExecution.HomePageTestt" name="selectAproductAndClickAddToCart" time="0.471"/>
  <testcase classname="testNgTestsExecution.HomePageTestt" name="goToCheckout" time="0.644"/>
  <testcase classname="testNgTestsExecution.HomePageTestt" name="enterBillingAddressDetails" time="1.253"/>
  <testcase classname="testNgTestsExecution.HomePageTestt" name="selectPayment" time="10.92"/>
  <testcase classname="testNgTestsExecution.HomePageTestt" name="clickOnPlaceOrder" time="2.317"/>
  <testcase classname="testNgTestsExecution.HomePageTestt" name="acceptConditions" time="3.417">
    <failure type="org.openqa.selenium.ElementClickInterceptedException" message="element click intercepted: Element &amp;lt;a href=&amp;quot;#&amp;quot; class=&amp;quot;btn essence-btn&amp;quot;&amp;gt;...&amp;lt;/a&amp;gt; is not clickable at point (871, 278). Other element would receive the click: &amp;lt;footer class=&amp;quot;footer_area clearfix&amp;quot;&amp;gt;...&amp;lt;/footer&amp;gt;
  (Session info: chrome=112.0.5615.138)
Build info: version: &amp;apos;4.9.0&amp;apos;, revision: &amp;apos;d7057100a6&amp;apos;
System info: os.name: &amp;apos;Windows 10&amp;apos;, os.arch: &amp;apos;amd64&amp;apos;, os.version: &amp;apos;10.0&amp;apos;, java.version: &amp;apos;17.0.6&amp;apos;
Driver info: org.openqa.selenium.chrome.ChromeDriver
Command: [e22013f0a3c48bc150aaffb9d5271d63, clickElement {id=2f8a4bad-b887-48a4-8d88-d173950e9544}]
Capabilities {acceptInsecureCerts: false, browserName: chrome, browserVersion: 112.0.5615.138, chrome: {chromedriverVersion: 112.0.5615.49 (bd2a7bcb881c..., userDataDir: C:\Users\admin\AppData\Loca...}, goog:chromeOptions: {debuggerAddress: localhost:61201}, networkConnectionEnabled: false, pageLoadStrategy: normal, platformName: WINDOWS, proxy: Proxy(), se:cdp: ws://localhost:61201/devtoo..., se:cdpVersion: 112.0.5615.138, setWindowRect: true, strictFileInteractability: false, timeouts: {implicit: 0, pageLoad: 300000, script: 30000}, unhandledPromptBehavior: dismiss and notify, webauthn:extension:credBlob: true, webauthn:extension:largeBlob: true, webauthn:extension:minPinLength: true, webauthn:extension:prf: true, webauthn:virtualAuthenticators: true}
Element: [[ChromeDriver: chrome on WINDOWS (e22013f0a3c48bc150aaffb9d5271d63)] -&amp;gt; xpath: (//a[@class=&amp;apos;btn essence-btn&amp;apos;])[2]]
Session ID: e22013f0a3c48bc150aaffb9d5271d63">
      <![CDATA[org.openqa.selenium.ElementClickInterceptedException: element click intercepted: Element <a href="#" class="btn essence-btn">...</a> is not clickable at point (871, 278). Other element would receive the click: <footer class="footer_area clearfix">...</footer>
  (Session info: chrome=112.0.5615.138)
Build info: version: '4.9.0', revision: 'd7057100a6'
System info: os.name: 'Windows 10', os.arch: 'amd64', os.version: '10.0', java.version: '17.0.6'
Driver info: org.openqa.selenium.chrome.ChromeDriver
Command: [e22013f0a3c48bc150aaffb9d5271d63, clickElement {id=2f8a4bad-b887-48a4-8d88-d173950e9544}]
Capabilities {acceptInsecureCerts: false, browserName: chrome, browserVersion: 112.0.5615.138, chrome: {chromedriverVersion: 112.0.5615.49 (bd2a7bcb881c..., userDataDir: C:\Users\admin\AppData\Loca...}, goog:chromeOptions: {debuggerAddress: localhost:61201}, networkConnectionEnabled: false, pageLoadStrategy: normal, platformName: WINDOWS, proxy: Proxy(), se:cdp: ws://localhost:61201/devtoo..., se:cdpVersion: 112.0.5615.138, setWindowRect: true, strictFileInteractability: false, timeouts: {implicit: 0, pageLoad: 300000, script: 30000}, unhandledPromptBehavior: dismiss and notify, webauthn:extension:credBlob: true, webauthn:extension:largeBlob: true, webauthn:extension:minPinLength: true, webauthn:extension:prf: true, webauthn:virtualAuthenticators: true}
Element: [[ChromeDriver: chrome on WINDOWS (e22013f0a3c48bc150aaffb9d5271d63)] -> xpath: (//a[@class='btn essence-btn'])[2]]
Session ID: e22013f0a3c48bc150aaffb9d5271d63
at org.openqa.selenium.remote.codec.w3c.W3CHttpResponseCodec.createException(W3CHttpResponseCodec.java:200)
at org.openqa.selenium.remote.codec.w3c.W3CHttpResponseCodec.decode(W3CHttpResponseCodec.java:133)
at org.openqa.selenium.remote.codec.w3c.W3CHttpResponseCodec.decode(W3CHttpResponseCodec.java:53)
at org.openqa.selenium.remote.HttpCommandExecutor.execute(HttpCommandExecutor.java:193)
at org.openqa.selenium.remote.service.DriverCommandExecutor.invokeExecute(DriverCommandExecutor.java:183)
at org.openqa.selenium.remote.service.DriverCommandExecutor.execute(DriverCommandExecutor.java:158)
at org.openqa.selenium.remote.RemoteWebDriver.execute(RemoteWebDriver.java:543)
at org.openqa.selenium.remote.RemoteWebElement.execute(RemoteWebElement.java:257)
at org.openqa.selenium.remote.RemoteWebElement.click(RemoteWebElement.java:78)
at org.openqa.selenium.support.pagefactory.internal.LocatingElementHandler.invoke(LocatingElementHandler.java:52)
at jdk.proxy2/jdk.proxy2.$Proxy16.click(Unknown Source)
at pageFactory.HomePageLocatorss.placeOrder(HomePageLocatorss.java:243)
at testNgTestsExecution.HomePageTestt.acceptConditions(HomePageTestt.java:117)
at java.base/java.util.ArrayList.forEach(ArrayList.java:1511)
... Removed 36 stack frames]]>
    </failure>
  </testcase> <!-- acceptConditions -->
</testsuite> <!-- Test -->
